(0.000) SELECT @@SQL_AUTO_IS_NULL; args=None
(0.000) SET SESSION TRANSACTION ISOLATION LEVEL READ COMMITTED; args=None
(0.000) SELECT VERSION(); args=None
(0.000) SET SESSION TRANSACTION ISOLATION LEVEL READ COMMITTED; args=None
(0.000) SHOW FULL TABLES; args=None
(0.000) SELECT @@SQL_AUTO_IS_NULL; args=None
(0.000) SET SESSION TRANSACTION ISOLATION LEVEL READ COMMITTED; args=None
(0.000) SELECT @@sql_mode; args=None
(0.000) SELECT VERSION(); args=None
(0.000) SHOW FULL TABLES; args=None
(0.000) SHOW FULL TABLES; args=None
(0.000) SHOW FULL TABLES; args=None
CREATE TABLE `django_migrations` (`id` integer AUTO_INCREMENT NOT NULL PRIMARY KEY, `app` varchar(255) NOT NULL, `name` varchar(255) NOT NULL, `applied` datetime(6) NOT NULL); (params None)
(0.018) CREATE TABLE `django_migrations` (`id` integer AUTO_INCREMENT NOT NULL PRIMARY KEY, `app` varchar(255) NOT NULL, `name` varchar(255) NOT NULL, `applied` datetime(6) NOT NULL); args=None
(0.001) SELECT engine FROM information_schema.tables WHERE table_name = 'django_migrations'; args=['django_migrations']
(0.001) SELECT engine FROM information_schema.tables WHERE table_name = 'django_migrations'; args=['django_migrations']
(0.000) SELECT engine FROM information_schema.tables WHERE table_name = 'django_migrations'; args=['django_migrations']
(0.000) SELECT engine FROM information_schema.tables WHERE table_name = 'django_migrations'; args=['django_migrations']
CREATE TABLE `django_content_type` (`id` integer AUTO_INCREMENT NOT NULL PRIMARY KEY, `name` varchar(100) NOT NULL, `app_label` varchar(100) NOT NULL, `model` varchar(100) NOT NULL); (params None)
(0.011) CREATE TABLE `django_content_type` (`id` integer AUTO_INCREMENT NOT NULL PRIMARY KEY, `name` varchar(100) NOT NULL, `app_label` varchar(100) NOT NULL, `model` varchar(100) NOT NULL); args=None
(0.001) SELECT engine FROM information_schema.tables WHERE table_name = 'django_content_type'; args=['django_content_type']
(0.000) SELECT engine FROM information_schema.tables WHERE table_name = 'django_content_type'; args=['django_content_type']
(0.000) SELECT engine FROM information_schema.tables WHERE table_name = 'django_content_type'; args=['django_content_type']
(0.000) SELECT engine FROM information_schema.tables WHERE table_name = 'django_content_type'; args=['django_content_type']
ALTER TABLE `django_content_type` ADD CONSTRAINT django_content_type_app_label_model_76bd3d3b_uniq UNIQUE (`app_label`, `model`); (params ())
(0.013) ALTER TABLE `django_content_type` ADD CONSTRAINT django_content_type_app_label_model_76bd3d3b_uniq UNIQUE (`app_label`, `model`); args=()
(0.000) SHOW FULL TABLES; args=None
(0.000) INSERT INTO `django_migrations` (`app`, `name`, `applied`) VALUES ('contenttypes', '0001_initial', '2018-06-19 14:47:28.667082'); args=['contenttypes', '0001_initial', '2018-06-19 14:47:28.667082']
ALTER TABLE `django_content_type` MODIFY `name` varchar(100) NULL; (params [])
(0.014) ALTER TABLE `django_content_type` MODIFY `name` varchar(100) NULL; args=[]
ALTER TABLE `django_content_type` DROP COLUMN `name`; (params ())
(0.021) ALTER TABLE `django_content_type` DROP COLUMN `name`; args=()
(0.001) SHOW FULL TABLES; args=None
(0.001) INSERT INTO `django_migrations` (`app`, `name`, `applied`) VALUES ('contenttypes', '0002_remove_content_type_name', '2018-06-19 14:47:28.714263'); args=['contenttypes', '0002_remove_content_type_name', '2018-06-19 14:47:28.714263']
CREATE TABLE `auth_permission` (`id` integer AUTO_INCREMENT NOT NULL PRIMARY KEY, `name` varchar(50) NOT NULL, `content_type_id` integer NOT NULL, `codename` varchar(100) NOT NULL); (params None)
(0.009) CREATE TABLE `auth_permission` (`id` integer AUTO_INCREMENT NOT NULL PRIMARY KEY, `name` varchar(50) NOT NULL, `content_type_id` integer NOT NULL, `codename` varchar(100) NOT NULL); args=None
(0.001) SELECT engine FROM information_schema.tables WHERE table_name = 'auth_permission'; args=['auth_permission']
(0.001) SELECT engine FROM information_schema.tables WHERE table_name = 'auth_permission'; args=['auth_permission']
(0.000) SELECT engine FROM information_schema.tables WHERE table_name = 'auth_permission'; args=['auth_permission']
(0.000) SELECT engine FROM information_schema.tables WHERE table_name = 'auth_permission'; args=['auth_permission']
CREATE TABLE `auth_group` (`id` integer AUTO_INCREMENT NOT NULL PRIMARY KEY, `name` varchar(80) NOT NULL UNIQUE); (params None)
(0.009) CREATE TABLE `auth_group` (`id` integer AUTO_INCREMENT NOT NULL PRIMARY KEY, `name` varchar(80) NOT NULL UNIQUE); args=None
(0.001) SELECT engine FROM information_schema.tables WHERE table_name = 'auth_group'; args=['auth_group']
(0.000) SELECT engine FROM information_schema.tables WHERE table_name = 'auth_group'; args=['auth_group']
CREATE TABLE `auth_group_permissions` (`id` integer AUTO_INCREMENT NOT NULL PRIMARY KEY, `group_id` integer NOT NULL, `permission_id` integer NOT NULL); (params None)
(0.008) CREATE TABLE `auth_group_permissions` (`id` integer AUTO_INCREMENT NOT NULL PRIMARY KEY, `group_id` integer NOT NULL, `permission_id` integer NOT NULL); args=None
(0.001) SELECT engine FROM information_schema.tables WHERE table_name = 'auth_group_permissions'; args=['auth_group_permissions']
(0.000) SELECT engine FROM information_schema.tables WHERE table_name = 'auth_group_permissions'; args=['auth_group_permissions']
(0.000) SELECT engine FROM information_schema.tables WHERE table_name = 'auth_group_permissions'; args=['auth_group_permissions']
ALTER TABLE `auth_permission` ADD CONSTRAINT `auth_permission_content_type_id_2f476e4b_fk_django_co` FOREIGN KEY (`content_type_id`) REFERENCES `django_content_type` (`id`); (params ())
(0.018) ALTER TABLE `auth_permission` ADD CONSTRAINT `auth_permission_content_type_id_2f476e4b_fk_django_co` FOREIGN KEY (`content_type_id`) REFERENCES `django_content_type` (`id`); args=()
ALTER TABLE `auth_permission` ADD CONSTRAINT auth_permission_content_type_id_codename_01ab375a_uniq UNIQUE (`content_type_id`, `codename`); (params ())
(0.009) ALTER TABLE `auth_permission` ADD CONSTRAINT auth_permission_content_type_id_codename_01ab375a_uniq UNIQUE (`content_type_id`, `codename`); args=()
ALTER TABLE `auth_group_permissions` ADD CONSTRAINT `auth_group_permissions_group_id_b120cbf9_fk_auth_group_id` FOREIGN KEY (`group_id`) REFERENCES `auth_group` (`id`); (params ())
(0.016) ALTER TABLE `auth_group_permissions` ADD CONSTRAINT `auth_group_permissions_group_id_b120cbf9_fk_auth_group_id` FOREIGN KEY (`group_id`) REFERENCES `auth_group` (`id`); args=()
ALTER TABLE `auth_group_permissions` ADD CONSTRAINT `auth_group_permissio_permission_id_84c5c92e_fk_auth_perm` FOREIGN KEY (`permission_id`) REFERENCES `auth_permission` (`id`); (params ())
(0.018) ALTER TABLE `auth_group_permissions` ADD CONSTRAINT `auth_group_permissio_permission_id_84c5c92e_fk_auth_perm` FOREIGN KEY (`permission_id`) REFERENCES `auth_permission` (`id`); args=()
ALTER TABLE `auth_group_permissions` ADD CONSTRAINT auth_group_permissions_group_id_permission_id_0cd325b0_uniq UNIQUE (`group_id`, `permission_id`); (params ())
(0.011) ALTER TABLE `auth_group_permissions` ADD CONSTRAINT auth_group_permissions_group_id_permission_id_0cd325b0_uniq UNIQUE (`group_id`, `permission_id`); args=()
(0.001) SHOW FULL TABLES; args=None
(0.000) INSERT INTO `django_migrations` (`app`, `name`, `applied`) VALUES ('auth', '0001_initial', '2018-06-19 14:47:28.836142'); args=['auth', '0001_initial', '2018-06-19 14:47:28.836142']
ALTER TABLE `auth_permission` MODIFY `name` varchar(255) NOT NULL; (params [])
(0.014) ALTER TABLE `auth_permission` MODIFY `name` varchar(255) NOT NULL; args=[]
(0.001) SHOW FULL TABLES; args=None
(0.000) INSERT INTO `django_migrations` (`app`, `name`, `applied`) VALUES ('auth', '0002_alter_permission_name_max_length', '2018-06-19 14:47:28.857901'); args=['auth', '0002_alter_permission_name_max_length', '2018-06-19 14:47:28.857901']
(0.001) SHOW FULL TABLES; args=None
(0.000) INSERT INTO `django_migrations` (`app`, `name`, `applied`) VALUES ('auth', '0003_alter_user_email_max_length', '2018-06-19 14:47:28.867973'); args=['auth', '0003_alter_user_email_max_length', '2018-06-19 14:47:28.867973']
(0.001) SHOW FULL TABLES; args=None
(0.000) INSERT INTO `django_migrations` (`app`, `name`, `applied`) VALUES ('auth', '0004_alter_user_username_opts', '2018-06-19 14:47:28.876325'); args=['auth', '0004_alter_user_username_opts', '2018-06-19 14:47:28.876325']
(0.001) SHOW FULL TABLES; args=None
(0.000) INSERT INTO `django_migrations` (`app`, `name`, `applied`) VALUES ('auth', '0005_alter_user_last_login_null', '2018-06-19 14:47:28.886710'); args=['auth', '0005_alter_user_last_login_null', '2018-06-19 14:47:28.886710']
(0.001) SHOW FULL TABLES; args=None
(0.000) INSERT INTO `django_migrations` (`app`, `name`, `applied`) VALUES ('auth', '0006_require_contenttypes_0002', '2018-06-19 14:47:28.888975'); args=['auth', '0006_require_contenttypes_0002', '2018-06-19 14:47:28.888975']
(0.001) SHOW FULL TABLES; args=None
(0.000) INSERT INTO `django_migrations` (`app`, `name`, `applied`) VALUES ('auth', '0007_alter_validators_add_error_messages', '2018-06-19 14:47:28.899096'); args=['auth', '0007_alter_validators_add_error_messages', '2018-06-19 14:47:28.899096']
(0.001) SHOW FULL TABLES; args=None
(0.000) INSERT INTO `django_migrations` (`app`, `name`, `applied`) VALUES ('auth', '0008_alter_user_username_max_length', '2018-06-19 14:47:28.909007'); args=['auth', '0008_alter_user_username_max_length', '2018-06-19 14:47:28.909007']
(0.001) SHOW FULL TABLES; args=None
(0.000) INSERT INTO `django_migrations` (`app`, `name`, `applied`) VALUES ('auth', '0009_alter_user_last_name_max_length', '2018-06-19 14:47:28.916731'); args=['auth', '0009_alter_user_last_name_max_length', '2018-06-19 14:47:28.916731']
CREATE TABLE `users_userprofile` (`id` integer AUTO_INCREMENT NOT NULL PRIMARY KEY, `password` varchar(128) NOT NULL, `last_login` datetime(6) NULL, `is_superuser` bool NOT NULL, `username` varchar(150) NOT NULL UNIQUE, `first_name` varchar(30) NOT NULL, `last_name` varchar(150) NOT NULL, `is_staff` bool NOT NULL, `is_active` bool NOT NULL, `date_joined` datetime(6) NOT NULL, `name` varchar(30) NULL, `birthday` date NULL, `mobile` varchar(11) NOT NULL, `gender` varchar(6) NOT NULL, `email` varchar(100) NULL, `task_num` integer NULL); (params None)
(0.010) CREATE TABLE `users_userprofile` (`id` integer AUTO_INCREMENT NOT NULL PRIMARY KEY, `password` varchar(128) NOT NULL, `last_login` datetime(6) NULL, `is_superuser` bool NOT NULL, `username` varchar(150) NOT NULL UNIQUE, `first_name` varchar(30) NOT NULL, `last_name` varchar(150) NOT NULL, `is_staff` bool NOT NULL, `is_active` bool NOT NULL, `date_joined` datetime(6) NOT NULL, `name` varchar(30) NULL, `birthday` date NULL, `mobile` varchar(11) NOT NULL, `gender` varchar(6) NOT NULL, `email` varchar(100) NULL, `task_num` integer NULL); args=None
(0.001) SELECT engine FROM information_schema.tables WHERE table_name = 'users_userprofile'; args=['users_userprofile']
(0.000) SELECT engine FROM information_schema.tables WHERE table_name = 'users_userprofile'; args=['users_userprofile']
(0.000) SELECT engine FROM information_schema.tables WHERE table_name = 'users_userprofile'; args=['users_userprofile']
(0.000) SELECT engine FROM information_schema.tables WHERE table_name = 'users_userprofile'; args=['users_userprofile']
(0.000) SELECT engine FROM information_schema.tables WHERE table_name = 'users_userprofile'; args=['users_userprofile']
(0.000) SELECT engine FROM information_schema.tables WHERE table_name = 'users_userprofile'; args=['users_userprofile']
(0.000) SELECT engine FROM information_schema.tables WHERE table_name = 'users_userprofile'; args=['users_userprofile']
(0.000) SELECT engine FROM information_schema.tables WHERE table_name = 'users_userprofile'; args=['users_userprofile']
(0.000) SELECT engine FROM information_schema.tables WHERE table_name = 'users_userprofile'; args=['users_userprofile']
(0.000) SELECT engine FROM information_schema.tables WHERE table_name = 'users_userprofile'; args=['users_userprofile']
(0.000) SELECT engine FROM information_schema.tables WHERE table_name = 'users_userprofile'; args=['users_userprofile']
(0.000) SELECT engine FROM information_schema.tables WHERE table_name = 'users_userprofile'; args=['users_userprofile']
(0.000) SELECT engine FROM information_schema.tables WHERE table_name = 'users_userprofile'; args=['users_userprofile']
(0.000) SELECT engine FROM information_schema.tables WHERE table_name = 'users_userprofile'; args=['users_userprofile']
(0.000) SELECT engine FROM information_schema.tables WHERE table_name = 'users_userprofile'; args=['users_userprofile']
(0.000) SELECT engine FROM information_schema.tables WHERE table_name = 'users_userprofile'; args=['users_userprofile']
CREATE TABLE `users_userprofile_groups` (`id` integer AUTO_INCREMENT NOT NULL PRIMARY KEY, `userprofile_id` integer NOT NULL, `group_id` integer NOT NULL); (params None)
(0.010) CREATE TABLE `users_userprofile_groups` (`id` integer AUTO_INCREMENT NOT NULL PRIMARY KEY, `userprofile_id` integer NOT NULL, `group_id` integer NOT NULL); args=None
(0.001) SELECT engine FROM information_schema.tables WHERE table_name = 'users_userprofile_groups'; args=['users_userprofile_groups']
(0.000) SELECT engine FROM information_schema.tables WHERE table_name = 'users_userprofile_groups'; args=['users_userprofile_groups']
(0.000) SELECT engine FROM information_schema.tables WHERE table_name = 'users_userprofile_groups'; args=['users_userprofile_groups']
CREATE TABLE `users_userprofile_user_permissions` (`id` integer AUTO_INCREMENT NOT NULL PRIMARY KEY, `userprofile_id` integer NOT NULL, `permission_id` integer NOT NULL); (params None)
(0.011) CREATE TABLE `users_userprofile_user_permissions` (`id` integer AUTO_INCREMENT NOT NULL PRIMARY KEY, `userprofile_id` integer NOT NULL, `permission_id` integer NOT NULL); args=None
(0.001) SELECT engine FROM information_schema.tables WHERE table_name = 'users_userprofile_user_permissions'; args=['users_userprofile_user_permissions']
(0.001) SELECT engine FROM information_schema.tables WHERE table_name = 'users_userprofile_user_permissions'; args=['users_userprofile_user_permissions']
(0.001) SELECT engine FROM information_schema.tables WHERE table_name = 'users_userprofile_user_permissions'; args=['users_userprofile_user_permissions']
CREATE TABLE `users_verifycode` (`id` integer AUTO_INCREMENT NOT NULL PRIMARY KEY, `code` varchar(10) NOT NULL, `mobile` varchar(11) NOT NULL, `add_time` datetime(6) NOT NULL); (params None)
(0.011) CREATE TABLE `users_verifycode` (`id` integer AUTO_INCREMENT NOT NULL PRIMARY KEY, `code` varchar(10) NOT NULL, `mobile` varchar(11) NOT NULL, `add_time` datetime(6) NOT NULL); args=None
(0.001) SELECT engine FROM information_schema.tables WHERE table_name = 'users_verifycode'; args=['users_verifycode']
(0.001) SELECT engine FROM information_schema.tables WHERE table_name = 'users_verifycode'; args=['users_verifycode']
(0.001) SELECT engine FROM information_schema.tables WHERE table_name = 'users_verifycode'; args=['users_verifycode']
(0.001) SELECT engine FROM information_schema.tables WHERE table_name = 'users_verifycode'; args=['users_verifycode']
ALTER TABLE `users_userprofile_groups` ADD CONSTRAINT `users_userprofile_gr_userprofile_id_a4496a80_fk_users_use` FOREIGN KEY (`userprofile_id`) REFERENCES `users_userprofile` (`id`); (params ())
(0.017) ALTER TABLE `users_userprofile_groups` ADD CONSTRAINT `users_userprofile_gr_userprofile_id_a4496a80_fk_users_use` FOREIGN KEY (`userprofile_id`) REFERENCES `users_userprofile` (`id`); args=()
ALTER TABLE `users_userprofile_groups` ADD CONSTRAINT `users_userprofile_groups_group_id_3de53dbf_fk_auth_group_id` FOREIGN KEY (`group_id`) REFERENCES `auth_group` (`id`); (params ())
(0.019) ALTER TABLE `users_userprofile_groups` ADD CONSTRAINT `users_userprofile_groups_group_id_3de53dbf_fk_auth_group_id` FOREIGN KEY (`group_id`) REFERENCES `auth_group` (`id`); args=()
ALTER TABLE `users_userprofile_groups` ADD CONSTRAINT users_userprofile_groups_userprofile_id_group_id_823cf2fc_uniq UNIQUE (`userprofile_id`, `group_id`); (params ())
(0.013) ALTER TABLE `users_userprofile_groups` ADD CONSTRAINT users_userprofile_groups_userprofile_id_group_id_823cf2fc_uniq UNIQUE (`userprofile_id`, `group_id`); args=()
ALTER TABLE `users_userprofile_user_permissions` ADD CONSTRAINT `users_userprofile_us_userprofile_id_34544737_fk_users_use` FOREIGN KEY (`userprofile_id`) REFERENCES `users_userprofile` (`id`); (params ())
(0.022) ALTER TABLE `users_userprofile_user_permissions` ADD CONSTRAINT `users_userprofile_us_userprofile_id_34544737_fk_users_use` FOREIGN KEY (`userprofile_id`) REFERENCES `users_userprofile` (`id`); args=()
ALTER TABLE `users_userprofile_user_permissions` ADD CONSTRAINT `users_userprofile_us_permission_id_393136b6_fk_auth_perm` FOREIGN KEY (`permission_id`) REFERENCES `auth_permission` (`id`); (params ())
(0.019) ALTER TABLE `users_userprofile_user_permissions` ADD CONSTRAINT `users_userprofile_us_permission_id_393136b6_fk_auth_perm` FOREIGN KEY (`permission_id`) REFERENCES `auth_permission` (`id`); args=()
ALTER TABLE `users_userprofile_user_permissions` ADD CONSTRAINT users_userprofile_user_p_userprofile_id_permissio_d0215190_uniq UNIQUE (`userprofile_id`, `permission_id`); (params ())
(0.011) ALTER TABLE `users_userprofile_user_permissions` ADD CONSTRAINT users_userprofile_user_p_userprofile_id_permissio_d0215190_uniq UNIQUE (`userprofile_id`, `permission_id`); args=()
(0.001) SHOW FULL TABLES; args=None
(0.000) INSERT INTO `django_migrations` (`app`, `name`, `applied`) VALUES ('users', '0001_initial', '2018-06-19 14:47:29.092275'); args=['users', '0001_initial', '2018-06-19 14:47:29.092275']
CREATE TABLE `authtoken_token` (`key` varchar(40) NOT NULL PRIMARY KEY, `created` datetime(6) NOT NULL, `user_id` integer NOT NULL UNIQUE); (params None)
(0.010) CREATE TABLE `authtoken_token` (`key` varchar(40) NOT NULL PRIMARY KEY, `created` datetime(6) NOT NULL, `user_id` integer NOT NULL UNIQUE); args=None
(0.001) SELECT engine FROM information_schema.tables WHERE table_name = 'authtoken_token'; args=['authtoken_token']
(0.001) SELECT engine FROM information_schema.tables WHERE table_name = 'authtoken_token'; args=['authtoken_token']
(0.001) SELECT engine FROM information_schema.tables WHERE table_name = 'authtoken_token'; args=['authtoken_token']
ALTER TABLE `authtoken_token` ADD CONSTRAINT `authtoken_token_user_id_35299eff_fk_users_userprofile_id` FOREIGN KEY (`user_id`) REFERENCES `users_userprofile` (`id`); (params ())
(0.017) ALTER TABLE `authtoken_token` ADD CONSTRAINT `authtoken_token_user_id_35299eff_fk_users_userprofile_id` FOREIGN KEY (`user_id`) REFERENCES `users_userprofile` (`id`); args=()
(0.001) SHOW FULL TABLES; args=None
(0.000) INSERT INTO `django_migrations` (`app`, `name`, `applied`) VALUES ('authtoken', '0001_initial', '2018-06-19 14:47:29.136596'); args=['authtoken', '0001_initial', '2018-06-19 14:47:29.136596']
(0.001) 
            SELECT kc.`constraint_name`, kc.`column_name`,
                kc.`referenced_table_name`, kc.`referenced_column_name`
            FROM information_schema.key_column_usage AS kc
            WHERE
                kc.table_schema = DATABASE() AND
                kc.table_name = 'authtoken_token'
        ; args=['authtoken_token']
(0.000) 
            SELECT c.constraint_name, c.constraint_type
            FROM information_schema.table_constraints AS c
            WHERE
                c.table_schema = DATABASE() AND
                c.table_name = 'authtoken_token'
        ; args=['authtoken_token']
(0.000) SHOW INDEX FROM `authtoken_token`; args=None
ALTER TABLE `authtoken_token` DROP FOREIGN KEY `authtoken_token_user_id_35299eff_fk_users_userprofile_id`; (params ())
(0.007) ALTER TABLE `authtoken_token` DROP FOREIGN KEY `authtoken_token_user_id_35299eff_fk_users_userprofile_id`; args=()
ALTER TABLE `authtoken_token` ADD CONSTRAINT `authtoken_token_user_id_35299eff_fk_users_userprofile_id` FOREIGN KEY (`user_id`) REFERENCES `users_userprofile` (`id`); (params ())
(0.015) ALTER TABLE `authtoken_token` ADD CONSTRAINT `authtoken_token_user_id_35299eff_fk_users_userprofile_id` FOREIGN KEY (`user_id`) REFERENCES `users_userprofile` (`id`); args=()
(0.001) SHOW FULL TABLES; args=None
(0.000) INSERT INTO `django_migrations` (`app`, `name`, `applied`) VALUES ('authtoken', '0002_auto_20160226_1747', '2018-06-19 14:47:29.195700'); args=['authtoken', '0002_auto_20160226_1747', '2018-06-19 14:47:29.195700']
CREATE TABLE `guardian_groupobjectpermission` (`id` integer AUTO_INCREMENT NOT NULL PRIMARY KEY, `object_pk` varchar(255) NOT NULL, `content_type_id` integer NOT NULL, `group_id` integer NOT NULL, `permission_id` integer NOT NULL); (params None)
(0.009) CREATE TABLE `guardian_groupobjectpermission` (`id` integer AUTO_INCREMENT NOT NULL PRIMARY KEY, `object_pk` varchar(255) NOT NULL, `content_type_id` integer NOT NULL, `group_id` integer NOT NULL, `permission_id` integer NOT NULL); args=None
(0.001) SELECT engine FROM information_schema.tables WHERE table_name = 'guardian_groupobjectpermission'; args=['guardian_groupobjectpermission']
(0.000) SELECT engine FROM information_schema.tables WHERE table_name = 'guardian_groupobjectpermission'; args=['guardian_groupobjectpermission']
(0.000) SELECT engine FROM information_schema.tables WHERE table_name = 'guardian_groupobjectpermission'; args=['guardian_groupobjectpermission']
(0.000) SELECT engine FROM information_schema.tables WHERE table_name = 'guardian_groupobjectpermission'; args=['guardian_groupobjectpermission']
(0.000) SELECT engine FROM information_schema.tables WHERE table_name = 'guardian_groupobjectpermission'; args=['guardian_groupobjectpermission']
CREATE TABLE `guardian_userobjectpermission` (`id` integer AUTO_INCREMENT NOT NULL PRIMARY KEY, `object_pk` varchar(255) NOT NULL, `content_type_id` integer NOT NULL, `permission_id` integer NOT NULL, `user_id` integer NOT NULL); (params None)
(0.009) CREATE TABLE `guardian_userobjectpermission` (`id` integer AUTO_INCREMENT NOT NULL PRIMARY KEY, `object_pk` varchar(255) NOT NULL, `content_type_id` integer NOT NULL, `permission_id` integer NOT NULL, `user_id` integer NOT NULL); args=None
(0.001) SELECT engine FROM information_schema.tables WHERE table_name = 'guardian_userobjectpermission'; args=['guardian_userobjectpermission']
(0.001) SELECT engine FROM information_schema.tables WHERE table_name = 'guardian_userobjectpermission'; args=['guardian_userobjectpermission']
(0.001) SELECT engine FROM information_schema.tables WHERE table_name = 'guardian_userobjectpermission'; args=['guardian_userobjectpermission']
(0.000) SELECT engine FROM information_schema.tables WHERE table_name = 'guardian_userobjectpermission'; args=['guardian_userobjectpermission']
(0.001) SELECT engine FROM information_schema.tables WHERE table_name = 'guardian_userobjectpermission'; args=['guardian_userobjectpermission']
ALTER TABLE `guardian_userobjectpermission` ADD CONSTRAINT guardian_userobjectpermi_user_id_permission_id_ob_b0b3d2fc_uniq UNIQUE (`user_id`, `permission_id`, `object_pk`); (params ())
(0.008) ALTER TABLE `guardian_userobjectpermission` ADD CONSTRAINT guardian_userobjectpermi_user_id_permission_id_ob_b0b3d2fc_uniq UNIQUE (`user_id`, `permission_id`, `object_pk`); args=()
ALTER TABLE `guardian_groupobjectpermission` ADD CONSTRAINT guardian_groupobjectperm_group_id_permission_id_o_3f189f7c_uniq UNIQUE (`group_id`, `permission_id`, `object_pk`); (params ())
(0.010) ALTER TABLE `guardian_groupobjectpermission` ADD CONSTRAINT guardian_groupobjectperm_group_id_permission_id_o_3f189f7c_uniq UNIQUE (`group_id`, `permission_id`, `object_pk`); args=()
ALTER TABLE `guardian_groupobjectpermission` ADD CONSTRAINT `guardian_groupobject_content_type_id_7ade36b8_fk_django_co` FOREIGN KEY (`content_type_id`) REFERENCES `django_content_type` (`id`); (params ())
(0.016) ALTER TABLE `guardian_groupobjectpermission` ADD CONSTRAINT `guardian_groupobject_content_type_id_7ade36b8_fk_django_co` FOREIGN KEY (`content_type_id`) REFERENCES `django_content_type` (`id`); args=()
ALTER TABLE `guardian_groupobjectpermission` ADD CONSTRAINT `guardian_groupobject_group_id_4bbbfb62_fk_auth_grou` FOREIGN KEY (`group_id`) REFERENCES `auth_group` (`id`); (params ())
(0.024) ALTER TABLE `guardian_groupobjectpermission` ADD CONSTRAINT `guardian_groupobject_group_id_4bbbfb62_fk_auth_grou` FOREIGN KEY (`group_id`) REFERENCES `auth_group` (`id`); args=()
ALTER TABLE `guardian_groupobjectpermission` ADD CONSTRAINT `guardian_groupobject_permission_id_36572738_fk_auth_perm` FOREIGN KEY (`permission_id`) REFERENCES `auth_permission` (`id`); (params ())
(0.015) ALTER TABLE `guardian_groupobjectpermission` ADD CONSTRAINT `guardian_groupobject_permission_id_36572738_fk_auth_perm` FOREIGN KEY (`permission_id`) REFERENCES `auth_permission` (`id`); args=()
ALTER TABLE `guardian_userobjectpermission` ADD CONSTRAINT `guardian_userobjectp_content_type_id_2e892405_fk_django_co` FOREIGN KEY (`content_type_id`) REFERENCES `django_content_type` (`id`); (params ())
(0.019) ALTER TABLE `guardian_userobjectpermission` ADD CONSTRAINT `guardian_userobjectp_content_type_id_2e892405_fk_django_co` FOREIGN KEY (`content_type_id`) REFERENCES `django_content_type` (`id`); args=()
ALTER TABLE `guardian_userobjectpermission` ADD CONSTRAINT `guardian_userobjectp_permission_id_71807bfc_fk_auth_perm` FOREIGN KEY (`permission_id`) REFERENCES `auth_permission` (`id`); (params ())
(0.018) ALTER TABLE `guardian_userobjectpermission` ADD CONSTRAINT `guardian_userobjectp_permission_id_71807bfc_fk_auth_perm` FOREIGN KEY (`permission_id`) REFERENCES `auth_permission` (`id`); args=()
ALTER TABLE `guardian_userobjectpermission` ADD CONSTRAINT `guardian_userobjectp_user_id_d5c1e964_fk_users_use` FOREIGN KEY (`user_id`) REFERENCES `users_userprofile` (`id`); (params ())
(0.018) ALTER TABLE `guardian_userobjectpermission` ADD CONSTRAINT `guardian_userobjectp_user_id_d5c1e964_fk_users_use` FOREIGN KEY (`user_id`) REFERENCES `users_userprofile` (`id`); args=()
(0.001) SHOW FULL TABLES; args=None
(0.000) INSERT INTO `django_migrations` (`app`, `name`, `applied`) VALUES ('guardian', '0001_initial', '2018-06-19 14:47:29.389943'); args=['guardian', '0001_initial', '2018-06-19 14:47:29.389943']
CREATE TABLE `django_session` (`session_key` varchar(40) NOT NULL PRIMARY KEY, `session_data` longtext NOT NULL, `expire_date` datetime(6) NOT NULL); (params None)
(0.012) CREATE TABLE `django_session` (`session_key` varchar(40) NOT NULL PRIMARY KEY, `session_data` longtext NOT NULL, `expire_date` datetime(6) NOT NULL); args=None
(0.001) SELECT engine FROM information_schema.tables WHERE table_name = 'django_session'; args=['django_session']
(0.001) SELECT engine FROM information_schema.tables WHERE table_name = 'django_session'; args=['django_session']
(0.000) SELECT engine FROM information_schema.tables WHERE table_name = 'django_session'; args=['django_session']
CREATE INDEX `django_session_expire_date_a5c62663` ON `django_session` (`expire_date`); (params ())
(0.011) CREATE INDEX `django_session_expire_date_a5c62663` ON `django_session` (`expire_date`); args=()
(0.001) SHOW FULL TABLES; args=None
(0.000) INSERT INTO `django_migrations` (`app`, `name`, `applied`) VALUES ('sessions', '0001_initial', '2018-06-19 14:47:29.420699'); args=['sessions', '0001_initial', '2018-06-19 14:47:29.420699']
CREATE TABLE `tasks_dataset` (`id` integer AUTO_INCREMENT NOT NULL PRIMARY KEY, `title` varchar(20) NOT NULL, `desc` varchar(20) NOT NULL, `x_axis` varchar(100) NOT NULL, `y_axis` varchar(100) NOT NULL, `chart_type` integer NOT NULL, `step1` varchar(100) NOT NULL, `step2` varchar(100) NOT NULL, `step3` varchar(100) NOT NULL, `step4` varchar(100) NOT NULL, `step5` varchar(100) NOT NULL, `add_time` datetime(6) NOT NULL); (params None)
(0.010) CREATE TABLE `tasks_dataset` (`id` integer AUTO_INCREMENT NOT NULL PRIMARY KEY, `title` varchar(20) NOT NULL, `desc` varchar(20) NOT NULL, `x_axis` varchar(100) NOT NULL, `y_axis` varchar(100) NOT NULL, `chart_type` integer NOT NULL, `step1` varchar(100) NOT NULL, `step2` varchar(100) NOT NULL, `step3` varchar(100) NOT NULL, `step4` varchar(100) NOT NULL, `step5` varchar(100) NOT NULL, `add_time` datetime(6) NOT NULL); args=None
(0.001) SELECT engine FROM information_schema.tables WHERE table_name = 'tasks_dataset'; args=['tasks_dataset']
(0.000) SELECT engine FROM information_schema.tables WHERE table_name = 'tasks_dataset'; args=['tasks_dataset']
(0.000) SELECT engine FROM information_schema.tables WHERE table_name = 'tasks_dataset'; args=['tasks_dataset']
(0.000) SELECT engine FROM information_schema.tables WHERE table_name = 'tasks_dataset'; args=['tasks_dataset']
(0.001) SELECT engine FROM information_schema.tables WHERE table_name = 'tasks_dataset'; args=['tasks_dataset']
(0.000) SELECT engine FROM information_schema.tables WHERE table_name = 'tasks_dataset'; args=['tasks_dataset']
(0.000) SELECT engine FROM information_schema.tables WHERE table_name = 'tasks_dataset'; args=['tasks_dataset']
(0.000) SELECT engine FROM information_schema.tables WHERE table_name = 'tasks_dataset'; args=['tasks_dataset']
(0.000) SELECT engine FROM information_schema.tables WHERE table_name = 'tasks_dataset'; args=['tasks_dataset']
(0.000) SELECT engine FROM information_schema.tables WHERE table_name = 'tasks_dataset'; args=['tasks_dataset']
(0.000) SELECT engine FROM information_schema.tables WHERE table_name = 'tasks_dataset'; args=['tasks_dataset']
(0.000) SELECT engine FROM information_schema.tables WHERE table_name = 'tasks_dataset'; args=['tasks_dataset']
CREATE TABLE `tasks_taskinfo` (`id` integer AUTO_INCREMENT NOT NULL PRIMARY KEY, `task_name` varchar(30) NULL, `data_num` integer NOT NULL, `status_type` integer NOT NULL, `add_time` datetime(6) NOT NULL, `task_desc` varchar(120) NULL, `task_home` varchar(2) NOT NULL, `task_folder` varchar(50) NULL); (params None)
(0.010) CREATE TABLE `tasks_taskinfo` (`id` integer AUTO_INCREMENT NOT NULL PRIMARY KEY, `task_name` varchar(30) NULL, `data_num` integer NOT NULL, `status_type` integer NOT NULL, `add_time` datetime(6) NOT NULL, `task_desc` varchar(120) NULL, `task_home` varchar(2) NOT NULL, `task_folder` varchar(50) NULL); args=None
(0.001) SELECT engine FROM information_schema.tables WHERE table_name = 'tasks_taskinfo'; args=['tasks_taskinfo']
(0.001) SELECT engine FROM information_schema.tables WHERE table_name = 'tasks_taskinfo'; args=['tasks_taskinfo']
(0.001) SELECT engine FROM information_schema.tables WHERE table_name = 'tasks_taskinfo'; args=['tasks_taskinfo']
(0.001) SELECT engine FROM information_schema.tables WHERE table_name = 'tasks_taskinfo'; args=['tasks_taskinfo']
(0.000) SELECT engine FROM information_schema.tables WHERE table_name = 'tasks_taskinfo'; args=['tasks_taskinfo']
(0.000) SELECT engine FROM information_schema.tables WHERE table_name = 'tasks_taskinfo'; args=['tasks_taskinfo']
(0.000) SELECT engine FROM information_schema.tables WHERE table_name = 'tasks_taskinfo'; args=['tasks_taskinfo']
(0.000) SELECT engine FROM information_schema.tables WHERE table_name = 'tasks_taskinfo'; args=['tasks_taskinfo']
(0.001) SHOW FULL TABLES; args=None
(0.000) INSERT INTO `django_migrations` (`app`, `name`, `applied`) VALUES ('tasks', '0001_initial', '2018-06-19 14:47:29.463203'); args=['tasks', '0001_initial', '2018-06-19 14:47:29.463203']
ALTER TABLE `tasks_taskinfo` ADD COLUMN `user_id` integer NOT NULL; (params [])
(0.014) ALTER TABLE `tasks_taskinfo` ADD COLUMN `user_id` integer NOT NULL; args=[]
(0.000) SELECT engine FROM information_schema.tables WHERE table_name = 'tasks_taskinfo'; args=['tasks_taskinfo']
ALTER TABLE `tasks_dataset` ADD COLUMN `task_id` integer NOT NULL; (params [])
(0.013) ALTER TABLE `tasks_dataset` ADD COLUMN `task_id` integer NOT NULL; args=[]
(0.000) SELECT engine FROM information_schema.tables WHERE table_name = 'tasks_dataset'; args=['tasks_dataset']
ALTER TABLE `tasks_dataset` ADD COLUMN `user_id` integer NOT NULL; (params [])
(0.015) ALTER TABLE `tasks_dataset` ADD COLUMN `user_id` integer NOT NULL; args=[]
(0.000) SELECT engine FROM information_schema.tables WHERE table_name = 'tasks_dataset'; args=['tasks_dataset']
ALTER TABLE `tasks_taskinfo` ADD CONSTRAINT `tasks_taskinfo_user_id_d0f58777_fk_users_userprofile_id` FOREIGN KEY (`user_id`) REFERENCES `users_userprofile` (`id`); (params ())
(0.011) ALTER TABLE `tasks_taskinfo` ADD CONSTRAINT `tasks_taskinfo_user_id_d0f58777_fk_users_userprofile_id` FOREIGN KEY (`user_id`) REFERENCES `users_userprofile` (`id`); args=()
ALTER TABLE `tasks_dataset` ADD CONSTRAINT `tasks_dataset_task_id_4cbb252d_fk_tasks_taskinfo_id` FOREIGN KEY (`task_id`) REFERENCES `tasks_taskinfo` (`id`); (params ())
(0.012) ALTER TABLE `tasks_dataset` ADD CONSTRAINT `tasks_dataset_task_id_4cbb252d_fk_tasks_taskinfo_id` FOREIGN KEY (`task_id`) REFERENCES `tasks_taskinfo` (`id`); args=()
ALTER TABLE `tasks_dataset` ADD CONSTRAINT `tasks_dataset_user_id_5b709404_fk_users_userprofile_id` FOREIGN KEY (`user_id`) REFERENCES `users_userprofile` (`id`); (params ())
(0.014) ALTER TABLE `tasks_dataset` ADD CONSTRAINT `tasks_dataset_user_id_5b709404_fk_users_userprofile_id` FOREIGN KEY (`user_id`) REFERENCES `users_userprofile` (`id`); args=()
(0.001) SHOW FULL TABLES; args=None
(0.000) INSERT INTO `django_migrations` (`app`, `name`, `applied`) VALUES ('tasks', '0002_auto_20180619_1447', '2018-06-19 14:47:29.583426'); args=['tasks', '0002_auto_20180619_1447', '2018-06-19 14:47:29.583426']
CREATE TABLE `user_operation_usertask` (`id` integer AUTO_INCREMENT NOT NULL PRIMARY KEY, `add_time` datetime(6) NOT NULL, `tasks_id` integer NOT NULL); (params None)
(0.011) CREATE TABLE `user_operation_usertask` (`id` integer AUTO_INCREMENT NOT NULL PRIMARY KEY, `add_time` datetime(6) NOT NULL, `tasks_id` integer NOT NULL); args=None
(0.001) SELECT engine FROM information_schema.tables WHERE table_name = 'user_operation_usertask'; args=['user_operation_usertask']
(0.001) SELECT engine FROM information_schema.tables WHERE table_name = 'user_operation_usertask'; args=['user_operation_usertask']
(0.000) SELECT engine FROM information_schema.tables WHERE table_name = 'user_operation_usertask'; args=['user_operation_usertask']
ALTER TABLE `user_operation_usertask` ADD CONSTRAINT `user_operation_usertask_tasks_id_ee2c4363_fk_tasks_taskinfo_id` FOREIGN KEY (`tasks_id`) REFERENCES `tasks_taskinfo` (`id`); (params ())
(0.014) ALTER TABLE `user_operation_usertask` ADD CONSTRAINT `user_operation_usertask_tasks_id_ee2c4363_fk_tasks_taskinfo_id` FOREIGN KEY (`tasks_id`) REFERENCES `tasks_taskinfo` (`id`); args=()
(0.001) SHOW FULL TABLES; args=None
(0.000) INSERT INTO `django_migrations` (`app`, `name`, `applied`) VALUES ('user_operation', '0001_initial', '2018-06-19 14:47:29.636303'); args=['user_operation', '0001_initial', '2018-06-19 14:47:29.636303']
ALTER TABLE `user_operation_usertask` ADD COLUMN `user_id` integer NOT NULL; (params [])
(0.018) ALTER TABLE `user_operation_usertask` ADD COLUMN `user_id` integer NOT NULL; args=[]
(0.000) SELECT engine FROM information_schema.tables WHERE table_name = 'user_operation_usertask'; args=['user_operation_usertask']
ALTER TABLE `user_operation_usertask` ADD CONSTRAINT user_operation_usertask_user_id_tasks_id_fefa885d_uniq UNIQUE (`user_id`, `tasks_id`); (params ())
(0.009) ALTER TABLE `user_operation_usertask` ADD CONSTRAINT user_operation_usertask_user_id_tasks_id_fefa885d_uniq UNIQUE (`user_id`, `tasks_id`); args=()
ALTER TABLE `user_operation_usertask` ADD CONSTRAINT `user_operation_usertask_user_id_8385090a_fk_users_userprofile_id` FOREIGN KEY (`user_id`) REFERENCES `users_userprofile` (`id`); (params ())
(0.015) ALTER TABLE `user_operation_usertask` ADD CONSTRAINT `user_operation_usertask_user_id_8385090a_fk_users_userprofile_id` FOREIGN KEY (`user_id`) REFERENCES `users_userprofile` (`id`); args=()
(0.002) SHOW FULL TABLES; args=None
(0.001) INSERT INTO `django_migrations` (`app`, `name`, `applied`) VALUES ('user_operation', '0002_auto_20180619_1447', '2018-06-19 14:47:29.709192'); args=['user_operation', '0002_auto_20180619_1447', '2018-06-19 14:47:29.709192']
(0.002) SHOW FULL TABLES; args=None
(0.001) SELECT `django_migrations`.`app`, `django_migrations`.`name` FROM `django_migrations`; args=()
(0.000) SELECT `django_content_type`.`id`, `django_content_type`.`app_label`, `django_content_type`.`model` FROM `django_content_type` WHERE (`django_content_type`.`app_label` = 'auth' AND `django_content_type`.`model` = 'permission'); args=('auth', 'permission')
(0.000) SELECT `django_content_type`.`id`, `django_content_type`.`app_label`, `django_content_type`.`model` FROM `django_content_type` WHERE (`django_content_type`.`app_label` = 'auth' AND `django_content_type`.`model` = 'permission'); args=('auth', 'permission')
(0.000) INSERT INTO `django_content_type` (`app_label`, `model`) VALUES ('auth', 'permission'); args=['auth', 'permission']
(0.000) SELECT `django_content_type`.`id`, `django_content_type`.`app_label`, `django_content_type`.`model` FROM `django_content_type` WHERE (`django_content_type`.`app_label` = 'auth' AND `django_content_type`.`model` = 'group'); args=('auth', 'group')
(0.000) SELECT `django_content_type`.`id`, `django_content_type`.`app_label`, `django_content_type`.`model` FROM `django_content_type` WHERE (`django_content_type`.`app_label` = 'auth' AND `django_content_type`.`model` = 'group'); args=('auth', 'group')
(0.000) INSERT INTO `django_content_type` (`app_label`, `model`) VALUES ('auth', 'group'); args=['auth', 'group']
(0.002) SELECT `auth_permission`.`content_type_id`, `auth_permission`.`codename` FROM `auth_permission` INNER JOIN `django_content_type` ON (`auth_permission`.`content_type_id` = `django_content_type`.`id`) WHERE `auth_permission`.`content_type_id` IN (1, 2) ORDER BY `django_content_type`.`app_label` ASC, `django_content_type`.`model` ASC, `auth_permission`.`codename` ASC; args=(1, 2)
(0.000) INSERT INTO `auth_permission` (`name`, `content_type_id`, `codename`) VALUES ('Can add permission', 1, 'add_permission'), ('Can change permission', 1, 'change_permission'), ('Can delete permission', 1, 'delete_permission'), ('Can add group', 2, 'add_group'), ('Can change group', 2, 'change_group'), ('Can delete group', 2, 'delete_group'); args=('Can add permission', 1, 'add_permission', 'Can change permission', 1, 'change_permission', 'Can delete permission', 1, 'delete_permission', 'Can add group', 2, 'add_group', 'Can change group', 2, 'change_group', 'Can delete group', 2, 'delete_group')
(0.000) SELECT `django_content_type`.`id`, `django_content_type`.`app_label`, `django_content_type`.`model` FROM `django_content_type` WHERE `django_content_type`.`app_label` = 'auth'; args=('auth',)
(0.000) SELECT `django_content_type`.`id`, `django_content_type`.`app_label`, `django_content_type`.`model` FROM `django_content_type` WHERE (`django_content_type`.`app_label` = 'contenttypes' AND `django_content_type`.`model` = 'contenttype'); args=('contenttypes', 'contenttype')
(0.000) SELECT `django_content_type`.`id`, `django_content_type`.`app_label`, `django_content_type`.`model` FROM `django_content_type` WHERE (`django_content_type`.`app_label` = 'contenttypes' AND `django_content_type`.`model` = 'contenttype'); args=('contenttypes', 'contenttype')
(0.000) INSERT INTO `django_content_type` (`app_label`, `model`) VALUES ('contenttypes', 'contenttype'); args=['contenttypes', 'contenttype']
(0.000) SELECT `auth_permission`.`content_type_id`, `auth_permission`.`codename` FROM `auth_permission` INNER JOIN `django_content_type` ON (`auth_permission`.`content_type_id` = `django_content_type`.`id`) WHERE `auth_permission`.`content_type_id` IN (3) ORDER BY `django_content_type`.`app_label` ASC, `django_content_type`.`model` ASC, `auth_permission`.`codename` ASC; args=(3,)
(0.000) INSERT INTO `auth_permission` (`name`, `content_type_id`, `codename`) VALUES ('Can add content type', 3, 'add_contenttype'), ('Can change content type', 3, 'change_contenttype'), ('Can delete content type', 3, 'delete_contenttype'); args=('Can add content type', 3, 'add_contenttype', 'Can change content type', 3, 'change_contenttype', 'Can delete content type', 3, 'delete_contenttype')
(0.000) SELECT `django_content_type`.`id`, `django_content_type`.`app_label`, `django_content_type`.`model` FROM `django_content_type` WHERE `django_content_type`.`app_label` = 'contenttypes'; args=('contenttypes',)
(0.000) SELECT `django_content_type`.`id`, `django_content_type`.`app_label`, `django_content_type`.`model` FROM `django_content_type` WHERE (`django_content_type`.`app_label` = 'sessions' AND `django_content_type`.`model` = 'session'); args=('sessions', 'session')
(0.000) SELECT `django_content_type`.`id`, `django_content_type`.`app_label`, `django_content_type`.`model` FROM `django_content_type` WHERE (`django_content_type`.`app_label` = 'sessions' AND `django_content_type`.`model` = 'session'); args=('sessions', 'session')
(0.000) INSERT INTO `django_content_type` (`app_label`, `model`) VALUES ('sessions', 'session'); args=['sessions', 'session']
(0.000) SELECT `auth_permission`.`content_type_id`, `auth_permission`.`codename` FROM `auth_permission` INNER JOIN `django_content_type` ON (`auth_permission`.`content_type_id` = `django_content_type`.`id`) WHERE `auth_permission`.`content_type_id` IN (4) ORDER BY `django_content_type`.`app_label` ASC, `django_content_type`.`model` ASC, `auth_permission`.`codename` ASC; args=(4,)
(0.000) INSERT INTO `auth_permission` (`name`, `content_type_id`, `codename`) VALUES ('Can add session', 4, 'add_session'), ('Can change session', 4, 'change_session'), ('Can delete session', 4, 'delete_session'); args=('Can add session', 4, 'add_session', 'Can change session', 4, 'change_session', 'Can delete session', 4, 'delete_session')
(0.000) SELECT `django_content_type`.`id`, `django_content_type`.`app_label`, `django_content_type`.`model` FROM `django_content_type` WHERE `django_content_type`.`app_label` = 'sessions'; args=('sessions',)
(0.000) SELECT `django_content_type`.`id`, `django_content_type`.`app_label`, `django_content_type`.`model` FROM `django_content_type` WHERE `django_content_type`.`app_label` = 'corsheaders'; args=('corsheaders',)
(0.000) SELECT `django_content_type`.`id`, `django_content_type`.`app_label`, `django_content_type`.`model` FROM `django_content_type` WHERE `django_content_type`.`app_label` = 'rest_framework'; args=('rest_framework',)
(0.000) SELECT `django_content_type`.`id`, `django_content_type`.`app_label`, `django_content_type`.`model` FROM `django_content_type` WHERE (`django_content_type`.`app_label` = 'authtoken' AND `django_content_type`.`model` = 'token'); args=('authtoken', 'token')
(0.000) SELECT `django_content_type`.`id`, `django_content_type`.`app_label`, `django_content_type`.`model` FROM `django_content_type` WHERE (`django_content_type`.`app_label` = 'authtoken' AND `django_content_type`.`model` = 'token'); args=('authtoken', 'token')
(0.000) INSERT INTO `django_content_type` (`app_label`, `model`) VALUES ('authtoken', 'token'); args=['authtoken', 'token']
(0.000) SELECT `auth_permission`.`content_type_id`, `auth_permission`.`codename` FROM `auth_permission` INNER JOIN `django_content_type` ON (`auth_permission`.`content_type_id` = `django_content_type`.`id`) WHERE `auth_permission`.`content_type_id` IN (5) ORDER BY `django_content_type`.`app_label` ASC, `django_content_type`.`model` ASC, `auth_permission`.`codename` ASC; args=(5,)
(0.000) INSERT INTO `auth_permission` (`name`, `content_type_id`, `codename`) VALUES ('Can add Token', 5, 'add_token'), ('Can change Token', 5, 'change_token'), ('Can delete Token', 5, 'delete_token'); args=('Can add Token', 5, 'add_token', 'Can change Token', 5, 'change_token', 'Can delete Token', 5, 'delete_token')
(0.000) SELECT `django_content_type`.`id`, `django_content_type`.`app_label`, `django_content_type`.`model` FROM `django_content_type` WHERE `django_content_type`.`app_label` = 'authtoken'; args=('authtoken',)
(0.000) SELECT `django_content_type`.`id`, `django_content_type`.`app_label`, `django_content_type`.`model` FROM `django_content_type` WHERE `django_content_type`.`app_label` = 'django_filters'; args=('django_filters',)
(0.000) SELECT `django_content_type`.`id`, `django_content_type`.`app_label`, `django_content_type`.`model` FROM `django_content_type` WHERE (`django_content_type`.`app_label` = 'guardian' AND `django_content_type`.`model` = 'groupobjectpermission'); args=('guardian', 'groupobjectpermission')
(0.000) SELECT `django_content_type`.`id`, `django_content_type`.`app_label`, `django_content_type`.`model` FROM `django_content_type` WHERE (`django_content_type`.`app_label` = 'guardian' AND `django_content_type`.`model` = 'groupobjectpermission'); args=('guardian', 'groupobjectpermission')
(0.000) INSERT INTO `django_content_type` (`app_label`, `model`) VALUES ('guardian', 'groupobjectpermission'); args=['guardian', 'groupobjectpermission']
(0.000) SELECT `django_content_type`.`id`, `django_content_type`.`app_label`, `django_content_type`.`model` FROM `django_content_type` WHERE (`django_content_type`.`app_label` = 'guardian' AND `django_content_type`.`model` = 'userobjectpermission'); args=('guardian', 'userobjectpermission')
(0.000) SELECT `django_content_type`.`id`, `django_content_type`.`app_label`, `django_content_type`.`model` FROM `django_content_type` WHERE (`django_content_type`.`app_label` = 'guardian' AND `django_content_type`.`model` = 'userobjectpermission'); args=('guardian', 'userobjectpermission')
(0.000) INSERT INTO `django_content_type` (`app_label`, `model`) VALUES ('guardian', 'userobjectpermission'); args=['guardian', 'userobjectpermission']
(0.000) SELECT `auth_permission`.`content_type_id`, `auth_permission`.`codename` FROM `auth_permission` INNER JOIN `django_content_type` ON (`auth_permission`.`content_type_id` = `django_content_type`.`id`) WHERE `auth_permission`.`content_type_id` IN (6, 7) ORDER BY `django_content_type`.`app_label` ASC, `django_content_type`.`model` ASC, `auth_permission`.`codename` ASC; args=(6, 7)
(0.000) INSERT INTO `auth_permission` (`name`, `content_type_id`, `codename`) VALUES ('Can add group object permission', 6, 'add_groupobjectpermission'), ('Can change group object permission', 6, 'change_groupobjectpermission'), ('Can delete group object permission', 6, 'delete_groupobjectpermission'), ('Can add user object permission', 7, 'add_userobjectpermission'), ('Can change user object permission', 7, 'change_userobjectpermission'), ('Can delete user object permission', 7, 'delete_userobjectpermission'); args=('Can add group object permission', 6, 'add_groupobjectpermission', 'Can change group object permission', 6, 'change_groupobjectpermission', 'Can delete group object permission', 6, 'delete_groupobjectpermission', 'Can add user object permission', 7, 'add_userobjectpermission', 'Can change user object permission', 7, 'change_userobjectpermission', 'Can delete user object permission', 7, 'delete_userobjectpermission')
(0.000) SELECT `django_content_type`.`id`, `django_content_type`.`app_label`, `django_content_type`.`model` FROM `django_content_type` WHERE `django_content_type`.`app_label` = 'guardian'; args=('guardian',)
(0.000) SELECT `users_userprofile`.`id`, `users_userprofile`.`password`, `users_userprofile`.`last_login`, `users_userprofile`.`is_superuser`, `users_userprofile`.`username`, `users_userprofile`.`first_name`, `users_userprofile`.`last_name`, `users_userprofile`.`is_staff`, `users_userprofile`.`is_active`, `users_userprofile`.`date_joined`, `users_userprofile`.`name`, `users_userprofile`.`birthday`, `users_userprofile`.`mobile`, `users_userprofile`.`gender`, `users_userprofile`.`email`, `users_userprofile`.`task_num` FROM `users_userprofile` WHERE `users_userprofile`.`username` = 'AnonymousUser'; args=('AnonymousUser',)
(0.000) INSERT INTO `users_userprofile` (`password`, `last_login`, `is_superuser`, `username`, `first_name`, `last_name`, `is_staff`, `is_active`, `date_joined`, `name`, `birthday`, `mobile`, `gender`, `email`, `task_num`) VALUES ('!OyzMOpMheSgjJHTNhbib7yZlEGcp9nttb8cjkLeg', NULL, 0, 'AnonymousUser', '', '', 0, 1, '2018-06-19 14:47:29.785587', NULL, NULL, '', 'female', NULL, 0); args=['!OyzMOpMheSgjJHTNhbib7yZlEGcp9nttb8cjkLeg', None, False, 'AnonymousUser', '', '', False, True, '2018-06-19 14:47:29.785587', None, None, '', 'female', None, 0]
(0.000) UPDATE `users_userprofile` SET `password` = 'pbkdf2_sha256$100000$Iig1TiQE7Rl0$jL1+A4eiQ6avueslSPlDac+2XNQfUeaUBpXO7FtI9D8=', `last_login` = NULL, `is_superuser` = 0, `username` = 'AnonymousUser', `first_name` = '', `last_name` = '', `is_staff` = 0, `is_active` = 1, `date_joined` = '2018-06-19 14:47:29.785587', `name` = NULL, `birthday` = NULL, `mobile` = '', `gender` = 'female', `email` = NULL, `task_num` = 0 WHERE `users_userprofile`.`id` = 1; args=('pbkdf2_sha256$100000$Iig1TiQE7Rl0$jL1+A4eiQ6avueslSPlDac+2XNQfUeaUBpXO7FtI9D8=', False, 'AnonymousUser', '', '', False, True, '2018-06-19 14:47:29.785587', '', 'female', 0, 1)
(0.000) SELECT `django_content_type`.`id`, `django_content_type`.`app_label`, `django_content_type`.`model` FROM `django_content_type` WHERE `django_content_type`.`app_label` = 'DjangoUeditor'; args=('DjangoUeditor',)
(0.000) SELECT `django_content_type`.`id`, `django_content_type`.`app_label`, `django_content_type`.`model` FROM `django_content_type` WHERE (`django_content_type`.`app_label` = 'users' AND `django_content_type`.`model` = 'userprofile'); args=('users', 'userprofile')
(0.000) SELECT `django_content_type`.`id`, `django_content_type`.`app_label`, `django_content_type`.`model` FROM `django_content_type` WHERE (`django_content_type`.`app_label` = 'users' AND `django_content_type`.`model` = 'userprofile'); args=('users', 'userprofile')
(0.000) INSERT INTO `django_content_type` (`app_label`, `model`) VALUES ('users', 'userprofile'); args=['users', 'userprofile']
(0.000) SELECT `django_content_type`.`id`, `django_content_type`.`app_label`, `django_content_type`.`model` FROM `django_content_type` WHERE (`django_content_type`.`app_label` = 'users' AND `django_content_type`.`model` = 'verifycode'); args=('users', 'verifycode')
(0.000) SELECT `django_content_type`.`id`, `django_content_type`.`app_label`, `django_content_type`.`model` FROM `django_content_type` WHERE (`django_content_type`.`app_label` = 'users' AND `django_content_type`.`model` = 'verifycode'); args=('users', 'verifycode')
(0.000) INSERT INTO `django_content_type` (`app_label`, `model`) VALUES ('users', 'verifycode'); args=['users', 'verifycode']
(0.000) SELECT `auth_permission`.`content_type_id`, `auth_permission`.`codename` FROM `auth_permission` INNER JOIN `django_content_type` ON (`auth_permission`.`content_type_id` = `django_content_type`.`id`) WHERE `auth_permission`.`content_type_id` IN (8, 9) ORDER BY `django_content_type`.`app_label` ASC, `django_content_type`.`model` ASC, `auth_permission`.`codename` ASC; args=(8, 9)
(0.000) SELECT `django_content_type`.`id`, `django_content_type`.`app_label`, `django_content_type`.`model` FROM `django_content_type` WHERE `django_content_type`.`app_label` = 'users'; args=('users',)
(0.000) SELECT `django_content_type`.`id`, `django_content_type`.`app_label`, `django_content_type`.`model` FROM `django_content_type` WHERE (`django_content_type`.`app_label` = 'tasks' AND `django_content_type`.`model` = 'dataset'); args=('tasks', 'dataset')
(0.000) SELECT `django_content_type`.`id`, `django_content_type`.`app_label`, `django_content_type`.`model` FROM `django_content_type` WHERE (`django_content_type`.`app_label` = 'tasks' AND `django_content_type`.`model` = 'dataset'); args=('tasks', 'dataset')
(0.000) INSERT INTO `django_content_type` (`app_label`, `model`) VALUES ('tasks', 'dataset'); args=['tasks', 'dataset']
(0.000) SELECT `django_content_type`.`id`, `django_content_type`.`app_label`, `django_content_type`.`model` FROM `django_content_type` WHERE (`django_content_type`.`app_label` = 'tasks' AND `django_content_type`.`model` = 'taskinfo'); args=('tasks', 'taskinfo')
(0.000) SELECT `django_content_type`.`id`, `django_content_type`.`app_label`, `django_content_type`.`model` FROM `django_content_type` WHERE (`django_content_type`.`app_label` = 'tasks' AND `django_content_type`.`model` = 'taskinfo'); args=('tasks', 'taskinfo')
(0.000) INSERT INTO `django_content_type` (`app_label`, `model`) VALUES ('tasks', 'taskinfo'); args=['tasks', 'taskinfo']
(0.000) SELECT `auth_permission`.`content_type_id`, `auth_permission`.`codename` FROM `auth_permission` INNER JOIN `django_content_type` ON (`auth_permission`.`content_type_id` = `django_content_type`.`id`) WHERE `auth_permission`.`content_type_id` IN (10, 11) ORDER BY `django_content_type`.`app_label` ASC, `django_content_type`.`model` ASC, `auth_permission`.`codename` ASC; args=(10, 11)
(0.000) SELECT `django_content_type`.`id`, `django_content_type`.`app_label`, `django_content_type`.`model` FROM `django_content_type` WHERE `django_content_type`.`app_label` = 'tasks'; args=('tasks',)
(0.000) SELECT `django_content_type`.`id`, `django_content_type`.`app_label`, `django_content_type`.`model` FROM `django_content_type` WHERE (`django_content_type`.`app_label` = 'user_operation' AND `django_content_type`.`model` = 'usertask'); args=('user_operation', 'usertask')
(0.000) SELECT `django_content_type`.`id`, `django_content_type`.`app_label`, `django_content_type`.`model` FROM `django_content_type` WHERE (`django_content_type`.`app_label` = 'user_operation' AND `django_content_type`.`model` = 'usertask'); args=('user_operation', 'usertask')
(0.000) INSERT INTO `django_content_type` (`app_label`, `model`) VALUES ('user_operation', 'usertask'); args=['user_operation', 'usertask']
(0.000) SELECT `auth_permission`.`content_type_id`, `auth_permission`.`codename` FROM `auth_permission` INNER JOIN `django_content_type` ON (`auth_permission`.`content_type_id` = `django_content_type`.`id`) WHERE `auth_permission`.`content_type_id` IN (12) ORDER BY `django_content_type`.`app_label` ASC, `django_content_type`.`model` ASC, `auth_permission`.`codename` ASC; args=(12,)
(0.000) SELECT `django_content_type`.`id`, `django_content_type`.`app_label`, `django_content_type`.`model` FROM `django_content_type` WHERE `django_content_type`.`app_label` = 'user_operation'; args=('user_operation',)
(0.000) SELECT @@SQL_AUTO_IS_NULL; args=None
(0.000) SET SESSION TRANSACTION ISOLATION LEVEL READ COMMITTED; args=None
(0.000) SELECT VERSION(); args=None
(0.000) SET SESSION TRANSACTION ISOLATION LEVEL READ COMMITTED; args=None
(0.004) SHOW FULL TABLES; args=None
(0.000) SELECT `django_migrations`.`app`, `django_migrations`.`name` FROM `django_migrations`; args=()
"GET /docs/ HTTP/1.1" 200 122460
"GET /docs/ HTTP/1.1" 200 122460
"GET /docs/schema.js HTTP/1.1" 200 9988
"GET /static/rest_framework/docs/img/favicon.ico HTTP/1.1" 200 5430
"GET /docs/ HTTP/1.1" 200 122460
"GET /docs/schema.js HTTP/1.1" 200 9988
"GET /static/rest_framework/docs/img/favicon.ico HTTP/1.1" 200 5430
(0.000) SELECT @@SQL_AUTO_IS_NULL; args=None
(0.000) SET SESSION TRANSACTION ISOLATION LEVEL READ COMMITTED; args=None
(0.000) SELECT VERSION(); args=None
(0.000) SET SESSION TRANSACTION ISOLATION LEVEL READ COMMITTED; args=None
(0.002) SELECT (1) AS `a` FROM `users_userprofile` WHERE `users_userprofile`.`username` = 'admin' LIMIT 1; args=('admin',)
(0.000) INSERT INTO `users_userprofile` (`password`, `last_login`, `is_superuser`, `username`, `first_name`, `last_name`, `is_staff`, `is_active`, `date_joined`, `name`, `birthday`, `mobile`, `gender`, `email`, `task_num`) VALUES ('123456', NULL, 0, 'admin', '', '', 0, 1, '2018-06-19 14:49:29.154672', NULL, NULL, '', 'female', NULL, 0); args=['123456', None, False, 'admin', '', '', False, True, '2018-06-19 14:49:29.154672', None, None, '', 'female', None, 0]
(0.000) UPDATE `users_userprofile` SET `password` = 'pbkdf2_sha256$100000$BRMGveMwl7eA$pgIjCyKuouHugXeDmQmiYujsKvY0Y1KnZTNovSQS0dQ=', `last_login` = NULL, `is_superuser` = 0, `username` = 'admin', `first_name` = '', `last_name` = '', `is_staff` = 0, `is_active` = 1, `date_joined` = '2018-06-19 14:49:29.154672', `name` = NULL, `birthday` = NULL, `mobile` = '', `gender` = 'female', `email` = NULL, `task_num` = 0 WHERE `users_userprofile`.`id` = 2; args=('pbkdf2_sha256$100000$BRMGveMwl7eA$pgIjCyKuouHugXeDmQmiYujsKvY0Y1KnZTNovSQS0dQ=', False, 'admin', '', '', False, True, '2018-06-19 14:49:29.154672', '', 'female', 0, 2)
"POST /users/ HTTP/1.1" 201 195
(0.000) SELECT @@SQL_AUTO_IS_NULL; args=None
(0.000) SET SESSION TRANSACTION ISOLATION LEVEL READ COMMITTED; args=None
(0.000) SELECT VERSION(); args=None
(0.000) SET SESSION TRANSACTION ISOLATION LEVEL READ COMMITTED; args=None
(0.000) SELECT `users_userprofile`.`id`, `users_userprofile`.`password`, `users_userprofile`.`last_login`, `users_userprofile`.`is_superuser`, `users_userprofile`.`username`, `users_userprofile`.`first_name`, `users_userprofile`.`last_name`, `users_userprofile`.`is_staff`, `users_userprofile`.`is_active`, `users_userprofile`.`date_joined`, `users_userprofile`.`name`, `users_userprofile`.`birthday`, `users_userprofile`.`mobile`, `users_userprofile`.`gender`, `users_userprofile`.`email`, `users_userprofile`.`task_num` FROM `users_userprofile` WHERE `users_userprofile`.`username` = 'admin'; args=('admin',)
task_id is 1
(0.001) SELECT `tasks_taskinfo`.`id`, `tasks_taskinfo`.`user_id`, `tasks_taskinfo`.`task_name`, `tasks_taskinfo`.`data_num`, `tasks_taskinfo`.`status_type`, `tasks_taskinfo`.`add_time`, `tasks_taskinfo`.`task_desc`, `tasks_taskinfo`.`task_home`, `tasks_taskinfo`.`task_folder` FROM `tasks_taskinfo` WHERE `tasks_taskinfo`.`id` = 1; args=(1,)
(0.001) SELECT `users_userprofile`.`id`, `users_userprofile`.`password`, `users_userprofile`.`last_login`, `users_userprofile`.`is_superuser`, `users_userprofile`.`username`, `users_userprofile`.`first_name`, `users_userprofile`.`last_name`, `users_userprofile`.`is_staff`, `users_userprofile`.`is_active`, `users_userprofile`.`date_joined`, `users_userprofile`.`name`, `users_userprofile`.`birthday`, `users_userprofile`.`mobile`, `users_userprofile`.`gender`, `users_userprofile`.`email`, `users_userprofile`.`task_num` FROM `users_userprofile` WHERE `users_userprofile`.`id` = 2; args=(2,)
user_id is admin
(0.001) SELECT `users_userprofile`.`id`, `users_userprofile`.`password`, `users_userprofile`.`last_login`, `users_userprofile`.`is_superuser`, `users_userprofile`.`username`, `users_userprofile`.`first_name`, `users_userprofile`.`last_name`, `users_userprofile`.`is_staff`, `users_userprofile`.`is_active`, `users_userprofile`.`date_joined`, `users_userprofile`.`name`, `users_userprofile`.`birthday`, `users_userprofile`.`mobile`, `users_userprofile`.`gender`, `users_userprofile`.`email`, `users_userprofile`.`task_num` FROM `users_userprofile` WHERE `users_userprofile`.`id` = 2; args=(2,)
(0.001) UPDATE `users_userprofile` SET `password` = 'pbkdf2_sha256$100000$BRMGveMwl7eA$pgIjCyKuouHugXeDmQmiYujsKvY0Y1KnZTNovSQS0dQ=', `last_login` = NULL, `is_superuser` = 0, `username` = 'admin', `first_name` = '', `last_name` = '', `is_staff` = 0, `is_active` = 1, `date_joined` = '2018-06-19 14:49:29.154672', `name` = NULL, `birthday` = NULL, `mobile` = '', `gender` = 'female', `email` = NULL, `task_num` = 1 WHERE `users_userprofile`.`id` = 2; args=('pbkdf2_sha256$100000$BRMGveMwl7eA$pgIjCyKuouHugXeDmQmiYujsKvY0Y1KnZTNovSQS0dQ=', False, 'admin', '', '', False, True, '2018-06-19 14:49:29.154672', '', 'female', 1, 2)
"POST /taskinfo/ HTTP/1.1" 201 69
(0.000) SELECT @@SQL_AUTO_IS_NULL; args=None
(0.000) SET SESSION TRANSACTION ISOLATION LEVEL READ COMMITTED; args=None
(0.000) SELECT VERSION(); args=None
(0.000) SET SESSION TRANSACTION ISOLATION LEVEL READ COMMITTED; args=None
(0.013) SHOW FULL TABLES; args=None
(0.001) SELECT `django_migrations`.`app`, `django_migrations`.`name` FROM `django_migrations`; args=()
(0.000) SELECT @@SQL_AUTO_IS_NULL; args=None
(0.000) SET SESSION TRANSACTION ISOLATION LEVEL READ COMMITTED; args=None
(0.000) SELECT VERSION(); args=None
(0.000) SET SESSION TRANSACTION ISOLATION LEVEL READ COMMITTED; args=None
(0.000) SELECT `users_userprofile`.`id`, `users_userprofile`.`password`, `users_userprofile`.`last_login`, `users_userprofile`.`is_superuser`, `users_userprofile`.`username`, `users_userprofile`.`first_name`, `users_userprofile`.`last_name`, `users_userprofile`.`is_staff`, `users_userprofile`.`is_active`, `users_userprofile`.`date_joined`, `users_userprofile`.`name`, `users_userprofile`.`birthday`, `users_userprofile`.`mobile`, `users_userprofile`.`gender`, `users_userprofile`.`email`, `users_userprofile`.`task_num` FROM `users_userprofile` WHERE `users_userprofile`.`username` = 'lxy1234'; args=('lxy1234',)
"POST /dataSet/ HTTP/1.1" 401 31
(0.000) SELECT @@SQL_AUTO_IS_NULL; args=None
(0.000) SET SESSION TRANSACTION ISOLATION LEVEL READ COMMITTED; args=None
(0.000) SELECT VERSION(); args=None
(0.000) SET SESSION TRANSACTION ISOLATION LEVEL READ COMMITTED; args=None
(0.000) SELECT `users_userprofile`.`id`, `users_userprofile`.`password`, `users_userprofile`.`last_login`, `users_userprofile`.`is_superuser`, `users_userprofile`.`username`, `users_userprofile`.`first_name`, `users_userprofile`.`last_name`, `users_userprofile`.`is_staff`, `users_userprofile`.`is_active`, `users_userprofile`.`date_joined`, `users_userprofile`.`name`, `users_userprofile`.`birthday`, `users_userprofile`.`mobile`, `users_userprofile`.`gender`, `users_userprofile`.`email`, `users_userprofile`.`task_num` FROM `users_userprofile` WHERE `users_userprofile`.`username` = 'admin'; args=('admin',)
(0.001) SELECT `tasks_taskinfo`.`id`, `tasks_taskinfo`.`user_id`, `tasks_taskinfo`.`task_name`, `tasks_taskinfo`.`data_num`, `tasks_taskinfo`.`status_type`, `tasks_taskinfo`.`add_time`, `tasks_taskinfo`.`task_desc`, `tasks_taskinfo`.`task_home`, `tasks_taskinfo`.`task_folder` FROM `tasks_taskinfo` WHERE `tasks_taskinfo`.`id` = 1; args=(1,)
data_set_name is /Users/cribbee/Downloads/1/Data/1211.json
(0.000) SELECT `tasks_taskinfo`.`id`, `tasks_taskinfo`.`user_id`, `tasks_taskinfo`.`task_name`, `tasks_taskinfo`.`data_num`, `tasks_taskinfo`.`status_type`, `tasks_taskinfo`.`add_time`, `tasks_taskinfo`.`task_desc`, `tasks_taskinfo`.`task_home`, `tasks_taskinfo`.`task_folder` FROM `tasks_taskinfo` WHERE `tasks_taskinfo`.`id` = 1; args=(1,)
(0.000) INSERT INTO `tasks_dataset` (`user_id`, `task_id`, `title`, `desc`, `x_axis`, `y_axis`, `chart_type`, `step1`, `step2`, `step3`, `step4`, `step5`, `add_time`) VALUES (NULL, 1, '', '', '', '', 0, '/Users/cribbee/Downloads/1/Data/1211.json', '/Users/cribbee/Downloads/1/Data/1211.csv', '', '', '', '2018-06-19 14:52:19.024076'); args=[None, 1, '', '', '', '', 0, '/Users/cribbee/Downloads/1/Data/1211.json', '/Users/cribbee/Downloads/1/Data/1211.csv', '', '', '', '2018-06-19 14:52:19.024076']
Internal Server Error: /dataSet/
Traceback (most recent call last):
  File "/Users/cribbee/Virtualenv/V-ZoomIn/lib/python3.6/site-packages/django/db/backends/mysql/base.py", line 71, in execute
    return self.cursor.execute(query, args)
  File "/Users/cribbee/Virtualenv/V-ZoomIn/lib/python3.6/site-packages/MySQLdb/cursors.py", line 250, in execute
    self.errorhandler(self, exc, value)
  File "/Users/cribbee/Virtualenv/V-ZoomIn/lib/python3.6/site-packages/MySQLdb/connections.py", line 50, in defaulterrorhandler
    raise errorvalue
  File "/Users/cribbee/Virtualenv/V-ZoomIn/lib/python3.6/site-packages/MySQLdb/cursors.py", line 247, in execute
    res = self._query(query)
  File "/Users/cribbee/Virtualenv/V-ZoomIn/lib/python3.6/site-packages/MySQLdb/cursors.py", line 411, in _query
    rowcount = self._do_query(q)
  File "/Users/cribbee/Virtualenv/V-ZoomIn/lib/python3.6/site-packages/MySQLdb/cursors.py", line 374, in _do_query
    db.query(q)
  File "/Users/cribbee/Virtualenv/V-ZoomIn/lib/python3.6/site-packages/MySQLdb/connections.py", line 277, in query
    _mysql.connection.query(self, query)
_mysql_exceptions.OperationalError: (1048, "Column 'user_id' cannot be null")

During handling of the above exception, another exception occurred:

Traceback (most recent call last):
  File "/Users/cribbee/Virtualenv/V-ZoomIn/lib/python3.6/site-packages/django/core/handlers/exception.py", line 35, in inner
    response = get_response(request)
  File "/Users/cribbee/Virtualenv/V-ZoomIn/lib/python3.6/site-packages/django/core/handlers/base.py", line 128, in _get_response
    response = self.process_exception_by_middleware(e, request)
  File "/Users/cribbee/Virtualenv/V-ZoomIn/lib/python3.6/site-packages/django/core/handlers/base.py", line 126, in _get_response
    response = wrapped_callback(request, *callback_args, **callback_kwargs)
  File "/Users/cribbee/Virtualenv/V-ZoomIn/lib/python3.6/site-packages/django/views/decorators/csrf.py", line 54, in wrapped_view
    return view_func(*args, **kwargs)
  File "/Users/cribbee/Virtualenv/V-ZoomIn/lib/python3.6/site-packages/rest_framework/viewsets.py", line 103, in view
    return self.dispatch(request, *args, **kwargs)
  File "/Users/cribbee/Virtualenv/V-ZoomIn/lib/python3.6/site-packages/rest_framework/views.py", line 483, in dispatch
    response = self.handle_exception(exc)
  File "/Users/cribbee/Virtualenv/V-ZoomIn/lib/python3.6/site-packages/rest_framework/views.py", line 443, in handle_exception
    self.raise_uncaught_exception(exc)
  File "/Users/cribbee/Virtualenv/V-ZoomIn/lib/python3.6/site-packages/rest_framework/views.py", line 480, in dispatch
    response = handler(request, *args, **kwargs)
  File "/Users/cribbee/PycharmProjects/ZoomInDev/apps/tasks/views.py", line 140, in create
    self.perform_create(serializer)
  File "/Users/cribbee/Virtualenv/V-ZoomIn/lib/python3.6/site-packages/rest_framework/mixins.py", line 26, in perform_create
    serializer.save()
  File "/Users/cribbee/Virtualenv/V-ZoomIn/lib/python3.6/site-packages/rest_framework/serializers.py", line 214, in save
    self.instance = self.create(validated_data)
  File "/Users/cribbee/Virtualenv/V-ZoomIn/lib/python3.6/site-packages/rest_framework/serializers.py", line 940, in create
    instance = ModelClass.objects.create(**validated_data)
  File "/Users/cribbee/Virtualenv/V-ZoomIn/lib/python3.6/site-packages/django/db/models/manager.py", line 82, in manager_method
    return getattr(self.get_queryset(), name)(*args, **kwargs)
  File "/Users/cribbee/Virtualenv/V-ZoomIn/lib/python3.6/site-packages/django/db/models/query.py", line 417, in create
    obj.save(force_insert=True, using=self.db)
  File "/Users/cribbee/Virtualenv/V-ZoomIn/lib/python3.6/site-packages/django/db/models/base.py", line 729, in save
    force_update=force_update, update_fields=update_fields)
  File "/Users/cribbee/Virtualenv/V-ZoomIn/lib/python3.6/site-packages/django/db/models/base.py", line 759, in save_base
    updated = self._save_table(raw, cls, force_insert, force_update, using, update_fields)
  File "/Users/cribbee/Virtualenv/V-ZoomIn/lib/python3.6/site-packages/django/db/models/base.py", line 842, in _save_table
    result = self._do_insert(cls._base_manager, using, fields, update_pk, raw)
  File "/Users/cribbee/Virtualenv/V-ZoomIn/lib/python3.6/site-packages/django/db/models/base.py", line 880, in _do_insert
    using=using, raw=raw)
  File "/Users/cribbee/Virtualenv/V-ZoomIn/lib/python3.6/site-packages/django/db/models/manager.py", line 82, in manager_method
    return getattr(self.get_queryset(), name)(*args, **kwargs)
  File "/Users/cribbee/Virtualenv/V-ZoomIn/lib/python3.6/site-packages/django/db/models/query.py", line 1125, in _insert
    return query.get_compiler(using=using).execute_sql(return_id)
  File "/Users/cribbee/Virtualenv/V-ZoomIn/lib/python3.6/site-packages/django/db/models/sql/compiler.py", line 1284, in execute_sql
    cursor.execute(sql, params)
  File "/Users/cribbee/Virtualenv/V-ZoomIn/lib/python3.6/site-packages/django/db/backends/utils.py", line 100, in execute
    return super().execute(sql, params)
  File "/Users/cribbee/Virtualenv/V-ZoomIn/lib/python3.6/site-packages/django/db/backends/utils.py", line 68, in execute
    return self._execute_with_wrappers(sql, params, many=False, executor=self._execute)
  File "/Users/cribbee/Virtualenv/V-ZoomIn/lib/python3.6/site-packages/django/db/backends/utils.py", line 77, in _execute_with_wrappers
    return executor(sql, params, many, context)
  File "/Users/cribbee/Virtualenv/V-ZoomIn/lib/python3.6/site-packages/django/db/backends/utils.py", line 85, in _execute
    return self.cursor.execute(sql, params)
  File "/Users/cribbee/Virtualenv/V-ZoomIn/lib/python3.6/site-packages/django/db/backends/mysql/base.py", line 76, in execute
    raise utils.IntegrityError(*tuple(e.args))
django.db.utils.IntegrityError: (1048, "Column 'user_id' cannot be null")
(0.000) SELECT `tasks_dataset`.`id`, `tasks_dataset`.`user_id`, `tasks_dataset`.`task_id`, `tasks_dataset`.`title`, `tasks_dataset`.`desc`, `tasks_dataset`.`x_axis`, `tasks_dataset`.`y_axis`, `tasks_dataset`.`chart_type`, `tasks_dataset`.`step1`, `tasks_dataset`.`step2`, `tasks_dataset`.`step3`, `tasks_dataset`.`step4`, `tasks_dataset`.`step5`, `tasks_dataset`.`add_time` FROM `tasks_dataset` LIMIT 21; args=()
(0.000) SELECT `tasks_dataset`.`id`, `tasks_dataset`.`user_id`, `tasks_dataset`.`task_id`, `tasks_dataset`.`title`, `tasks_dataset`.`desc`, `tasks_dataset`.`x_axis`, `tasks_dataset`.`y_axis`, `tasks_dataset`.`chart_type`, `tasks_dataset`.`step1`, `tasks_dataset`.`step2`, `tasks_dataset`.`step3`, `tasks_dataset`.`step4`, `tasks_dataset`.`step5`, `tasks_dataset`.`add_time` FROM `tasks_dataset` LIMIT 21; args=()
"POST /dataSet/ HTTP/1.1" 500 20604
(0.000) SELECT @@SQL_AUTO_IS_NULL; args=None
(0.000) SET SESSION TRANSACTION ISOLATION LEVEL READ COMMITTED; args=None
(0.000) SELECT VERSION(); args=None
(0.001) SET SESSION TRANSACTION ISOLATION LEVEL READ COMMITTED; args=None
(0.007) SHOW FULL TABLES; args=None
(0.001) SELECT `django_migrations`.`app`, `django_migrations`.`name` FROM `django_migrations`; args=()
(0.000) SELECT @@SQL_AUTO_IS_NULL; args=None
(0.000) SET SESSION TRANSACTION ISOLATION LEVEL READ COMMITTED; args=None
(0.000) SELECT VERSION(); args=None
(0.000) SET SESSION TRANSACTION ISOLATION LEVEL READ COMMITTED; args=None
(0.000) SELECT `users_userprofile`.`id`, `users_userprofile`.`password`, `users_userprofile`.`last_login`, `users_userprofile`.`is_superuser`, `users_userprofile`.`username`, `users_userprofile`.`first_name`, `users_userprofile`.`last_name`, `users_userprofile`.`is_staff`, `users_userprofile`.`is_active`, `users_userprofile`.`date_joined`, `users_userprofile`.`name`, `users_userprofile`.`birthday`, `users_userprofile`.`mobile`, `users_userprofile`.`gender`, `users_userprofile`.`email`, `users_userprofile`.`task_num` FROM `users_userprofile` WHERE `users_userprofile`.`username` = 'admin'; args=('admin',)
(0.001) SELECT `tasks_taskinfo`.`id`, `tasks_taskinfo`.`user_id`, `tasks_taskinfo`.`task_name`, `tasks_taskinfo`.`data_num`, `tasks_taskinfo`.`status_type`, `tasks_taskinfo`.`add_time`, `tasks_taskinfo`.`task_desc`, `tasks_taskinfo`.`task_home`, `tasks_taskinfo`.`task_folder` FROM `tasks_taskinfo` WHERE `tasks_taskinfo`.`id` = 1; args=(1,)
data_set_name is /Users/cribbee/Downloads/1/Data/1221.json
(0.000) SELECT `tasks_taskinfo`.`id`, `tasks_taskinfo`.`user_id`, `tasks_taskinfo`.`task_name`, `tasks_taskinfo`.`data_num`, `tasks_taskinfo`.`status_type`, `tasks_taskinfo`.`add_time`, `tasks_taskinfo`.`task_desc`, `tasks_taskinfo`.`task_home`, `tasks_taskinfo`.`task_folder` FROM `tasks_taskinfo` WHERE `tasks_taskinfo`.`id` = 1; args=(1,)
"POST /dataSet/ HTTP/1.1" 400 36
(0.001) SELECT @@SQL_AUTO_IS_NULL; args=None
(0.000) SET SESSION TRANSACTION ISOLATION LEVEL READ COMMITTED; args=None
(0.000) SELECT VERSION(); args=None
(0.000) SET SESSION TRANSACTION ISOLATION LEVEL READ COMMITTED; args=None
(0.009) SHOW FULL TABLES; args=None
(0.000) SELECT `django_migrations`.`app`, `django_migrations`.`name` FROM `django_migrations`; args=()
(0.000) SELECT @@SQL_AUTO_IS_NULL; args=None
(0.000) SET SESSION TRANSACTION ISOLATION LEVEL READ COMMITTED; args=None
(0.000) SELECT VERSION(); args=None
(0.000) SET SESSION TRANSACTION ISOLATION LEVEL READ COMMITTED; args=None
(0.001) SELECT `users_userprofile`.`id`, `users_userprofile`.`password`, `users_userprofile`.`last_login`, `users_userprofile`.`is_superuser`, `users_userprofile`.`username`, `users_userprofile`.`first_name`, `users_userprofile`.`last_name`, `users_userprofile`.`is_staff`, `users_userprofile`.`is_active`, `users_userprofile`.`date_joined`, `users_userprofile`.`name`, `users_userprofile`.`birthday`, `users_userprofile`.`mobile`, `users_userprofile`.`gender`, `users_userprofile`.`email`, `users_userprofile`.`task_num` FROM `users_userprofile` WHERE `users_userprofile`.`username` = 'admin'; args=('admin',)
Internal Server Error: /dataSet/
Traceback (most recent call last):
  File "/Users/cribbee/Virtualenv/V-ZoomIn/lib/python3.6/site-packages/django/core/handlers/exception.py", line 35, in inner
    response = get_response(request)
  File "/Users/cribbee/Virtualenv/V-ZoomIn/lib/python3.6/site-packages/django/core/handlers/base.py", line 128, in _get_response
    response = self.process_exception_by_middleware(e, request)
  File "/Users/cribbee/Virtualenv/V-ZoomIn/lib/python3.6/site-packages/django/core/handlers/base.py", line 126, in _get_response
    response = wrapped_callback(request, *callback_args, **callback_kwargs)
  File "/Users/cribbee/Virtualenv/V-ZoomIn/lib/python3.6/site-packages/django/views/decorators/csrf.py", line 54, in wrapped_view
    return view_func(*args, **kwargs)
  File "/Users/cribbee/Virtualenv/V-ZoomIn/lib/python3.6/site-packages/rest_framework/viewsets.py", line 103, in view
    return self.dispatch(request, *args, **kwargs)
  File "/Users/cribbee/Virtualenv/V-ZoomIn/lib/python3.6/site-packages/rest_framework/views.py", line 483, in dispatch
    response = self.handle_exception(exc)
  File "/Users/cribbee/Virtualenv/V-ZoomIn/lib/python3.6/site-packages/rest_framework/views.py", line 443, in handle_exception
    self.raise_uncaught_exception(exc)
  File "/Users/cribbee/Virtualenv/V-ZoomIn/lib/python3.6/site-packages/rest_framework/views.py", line 480, in dispatch
    response = handler(request, *args, **kwargs)
  File "/Users/cribbee/PycharmProjects/ZoomInDev/apps/tasks/views.py", line 125, in create
    req_data.__setitem__('user', request.data['user'])
KeyError: 'user'
"POST /dataSet/ HTTP/1.1" 500 16263
(0.000) SELECT @@SQL_AUTO_IS_NULL; args=None
(0.000) SET SESSION TRANSACTION ISOLATION LEVEL READ COMMITTED; args=None
(0.000) SELECT VERSION(); args=None
(0.000) SET SESSION TRANSACTION ISOLATION LEVEL READ COMMITTED; args=None
(0.010) SHOW FULL TABLES; args=None
(0.001) SELECT `django_migrations`.`app`, `django_migrations`.`name` FROM `django_migrations`; args=()
(0.000) SELECT @@SQL_AUTO_IS_NULL; args=None
(0.000) SET SESSION TRANSACTION ISOLATION LEVEL READ COMMITTED; args=None
(0.000) SELECT VERSION(); args=None
(0.000) SET SESSION TRANSACTION ISOLATION LEVEL READ COMMITTED; args=None
(0.001) SELECT `users_userprofile`.`id`, `users_userprofile`.`password`, `users_userprofile`.`last_login`, `users_userprofile`.`is_superuser`, `users_userprofile`.`username`, `users_userprofile`.`first_name`, `users_userprofile`.`last_name`, `users_userprofile`.`is_staff`, `users_userprofile`.`is_active`, `users_userprofile`.`date_joined`, `users_userprofile`.`name`, `users_userprofile`.`birthday`, `users_userprofile`.`mobile`, `users_userprofile`.`gender`, `users_userprofile`.`email`, `users_userprofile`.`task_num` FROM `users_userprofile` WHERE `users_userprofile`.`username` = 'admin'; args=('admin',)
(0.001) SELECT `tasks_taskinfo`.`id`, `tasks_taskinfo`.`user_id`, `tasks_taskinfo`.`task_name`, `tasks_taskinfo`.`data_num`, `tasks_taskinfo`.`status_type`, `tasks_taskinfo`.`add_time`, `tasks_taskinfo`.`task_desc`, `tasks_taskinfo`.`task_home`, `tasks_taskinfo`.`task_folder` FROM `tasks_taskinfo` WHERE `tasks_taskinfo`.`id` = 1; args=(1,)
data_set_name is /Users/cribbee/Downloads/1/Data/1231.json
(0.000) SELECT `tasks_taskinfo`.`id`, `tasks_taskinfo`.`user_id`, `tasks_taskinfo`.`task_name`, `tasks_taskinfo`.`data_num`, `tasks_taskinfo`.`status_type`, `tasks_taskinfo`.`add_time`, `tasks_taskinfo`.`task_desc`, `tasks_taskinfo`.`task_home`, `tasks_taskinfo`.`task_folder` FROM `tasks_taskinfo` WHERE `tasks_taskinfo`.`id` = 1; args=(1,)
(0.001) INSERT INTO `tasks_dataset` (`user_id`, `task_id`, `title`, `desc`, `x_axis`, `y_axis`, `chart_type`, `step1`, `step2`, `step3`, `step4`, `step5`, `add_time`) VALUES (2, 1, '', '', '', '', 0, '/Users/cribbee/Downloads/1/Data/1231.json', '/Users/cribbee/Downloads/1/Data/1231.csv', '', '', '', '2018-06-19 15:39:58.895366'); args=[2, 1, '', '', '', '', 0, '/Users/cribbee/Downloads/1/Data/1231.json', '/Users/cribbee/Downloads/1/Data/1231.csv', '', '', '', '2018-06-19 15:39:58.895366']
"POST /dataSet/ HTTP/1.1" 201 113
